<?xml version="1.0" encoding="UTF-8"?>
<!-- Generated by org.testng.reporters.JUnitXMLReporter -->
<testsuite ignored="0" hostname="IITMSLP40" failures="1" tests="8" name="Regular Exam" time="214.975" errors="0" timestamp="2022-10-06T11:37:15 IST">
  <testcase classname="com.qa.tests.examination.RegularExamTest" name="Students_Available_In_Grid_Registered_For_All_Available_Courses" time="22.863"/>
  <testcase classname="com.qa.tests.examination.RegularExamTest" name="Registered_Student_Should_Be_Locked" time="20.532"/>
  <testcase classname="com.qa.tests.examination.RegularExamTest" name="MarkEntry_To_Be_Done_On_All_Available_Courses" time="13.829">
    <failure type="org.openqa.selenium.InvalidElementStateException" message="invalid element state: Element is not currently interactable and may not be manipulated
  (Session info: chrome=105.0.5195.127)
Build info: version: &amp;apos;3.141.59&amp;apos;, revision: &amp;apos;e82be7d358&amp;apos;, time: &amp;apos;2018-11-14T08:17:03&amp;apos;
System info: host: &amp;apos;IITMSLP40&amp;apos;, ip: &amp;apos;172.16.5.31&amp;apos;, os.name: &amp;apos;Windows 10&amp;apos;, os.arch: &amp;apos;amd64&amp;apos;, os.version: &amp;apos;10.0&amp;apos;, java.version: &amp;apos;17.0.4.1&amp;apos;
Driver info: org.openqa.selenium.chrome.ChromeDriver
Capabilities {acceptInsecureCerts: false, browserName: chrome, browserVersion: 105.0.5195.127, chrome: {chromedriverVersion: 105.0.5195.52 (412c95e51883..., userDataDir: C:\Users\Admin\AppData\Loca...}, goog:chromeOptions: {debuggerAddress: localhost:63817}, javascriptEnabled: true, networkConnectionEnabled: false, pageLoadStrategy: normal, platform: WINDOWS, platformName: WINDOWS, proxy: Proxy(), setWindowRect: true, strictFileInteractability: false, timeouts: {implicit: 0, pageLoad: 300000, script: 30000}, unhandledPromptBehavior: dismiss and notify, webauthn:extension:credBlob: true, webauthn:extension:largeBlob: true, webauthn:virtualAuthenticators: true}
Session ID: 8418f1a53c2051135ed83c116bf81621">
      <![CDATA[org.openqa.selenium.InvalidElementStateException: invalid element state: Element is not currently interactable and may not be manipulated
  (Session info: chrome=105.0.5195.127)
Build info: version: '3.141.59', revision: 'e82be7d358', time: '2018-11-14T08:17:03'
System info: host: 'IITMSLP40', ip: '172.16.5.31', os.name: 'Windows 10', os.arch: 'amd64', os.version: '10.0', java.version: '17.0.4.1'
Driver info: org.openqa.selenium.chrome.ChromeDriver
Capabilities {acceptInsecureCerts: false, browserName: chrome, browserVersion: 105.0.5195.127, chrome: {chromedriverVersion: 105.0.5195.52 (412c95e51883..., userDataDir: C:\Users\Admin\AppData\Loca...}, goog:chromeOptions: {debuggerAddress: localhost:63817}, javascriptEnabled: true, networkConnectionEnabled: false, pageLoadStrategy: normal, platform: WINDOWS, platformName: WINDOWS, proxy: Proxy(), setWindowRect: true, strictFileInteractability: false, timeouts: {implicit: 0, pageLoad: 300000, script: 30000}, unhandledPromptBehavior: dismiss and notify, webauthn:extension:credBlob: true, webauthn:extension:largeBlob: true, webauthn:virtualAuthenticators: true}
Session ID: 8418f1a53c2051135ed83c116bf81621
at org.openqa.selenium.remote.http.W3CHttpResponseCodec.createException(W3CHttpResponseCodec.java:187)
at org.openqa.selenium.remote.http.W3CHttpResponseCodec.decode(W3CHttpResponseCodec.java:122)
at org.openqa.selenium.remote.http.W3CHttpResponseCodec.decode(W3CHttpResponseCodec.java:49)
at org.openqa.selenium.remote.HttpCommandExecutor.execute(HttpCommandExecutor.java:158)
at org.openqa.selenium.remote.service.DriverCommandExecutor.execute(DriverCommandExecutor.java:83)
at org.openqa.selenium.remote.RemoteWebDriver.execute(RemoteWebDriver.java:552)
at org.openqa.selenium.remote.RemoteWebElement.execute(RemoteWebElement.java:285)
at org.openqa.selenium.remote.RemoteWebElement.clear(RemoteWebElement.java:124)
at com.qa.pages.Exam.MarkEntry.EnterMarkEntry(MarkEntry.java:118)
at com.qa.pages.Exam.MarkEntry.MarkEntry1(MarkEntry.java:169)
at com.qa.tests.examination.RegularExamTest.MarkEntry_To_Be_Done_On_All_Available_Courses(RegularExamTest.java:168)
at java.base/java.util.ArrayList.forEach(ArrayList.java:1511)
... Removed 33 stack frames]]>
    </failure>
  </testcase> <!-- MarkEntry_To_Be_Done_On_All_Available_Courses -->
  <testcase classname="com.qa.tests.examination.RegularExamTest" name="Internal_Marks_To_Be_Locked" time="15.523"/>
  <testcase classname="com.qa.tests.examination.RegularExamTest" name="External_Marks_To_Be_Locked" time="15.486"/>
  <testcase classname="com.qa.tests.examination.RegularExamTest" name="ResultProcessing_With_MarkProcessing_Gracing_Grading_With_Date" time="24.596"/>
  <testcase classname="com.qa.tests.examination.RegularExamTest" name="Generating_Final_Result_With_GradeCard" time="28.325"/>
  <testcase classname="com.qa.tests.examination.RegularExamTest" name="Result_To_be_Published_at_student_side" time="43.55"/>
</testsuite> <!-- Regular Exam -->
