<?xml version="1.0" encoding="UTF-8"?>
<!-- Generated by org.testng.reporters.JUnitReportReporter -->
<testsuite hostname="IITMSPC17" failures="0" tests="1" name="com.qa.tests.Admission.FeesCollectionTests" time="56.686" errors="1" timestamp="2022-07-21T13:07:32 IST" skipped="0">
  <testcase classname="com.qa.tests.Admission.FeesCollectionTests" name="student_Admission_with_Zero_Amt" time="56.686">
    <error message="Error: End-of-File, expected line" type="java.io.IOException">
      <![CDATA[java.io.IOException: Error: End-of-File, expected line
at org.apache.pdfbox.pdfparser.BaseParser.readLine(BaseParser.java:1093)
at org.apache.pdfbox.pdfparser.COSParser.parseHeader(COSParser.java:2580)
at org.apache.pdfbox.pdfparser.COSParser.parsePDFHeader(COSParser.java:2551)
at org.apache.pdfbox.pdfparser.PDFParser.parse(PDFParser.java:219)
at org.apache.pdfbox.pdmodel.PDDocument.load(PDDocument.java:1228)
at org.apache.pdfbox.pdmodel.PDDocument.load(PDDocument.java:1128)
at com.qa.utilities.PdfReader.readPdfContent(PdfReader.java:44)
at com.qa.tests.Admission.FeesCollectionTests.student_Admission_with_Zero_Amt(FeesCollectionTests.java:170)
at java.base/jdk.internal.reflect.NativeMethodAccessorImpl.invoke0(Native Method)
at java.base/jdk.internal.reflect.NativeMethodAccessorImpl.invoke(NativeMethodAccessorImpl.java:77)
at java.base/jdk.internal.reflect.DelegatingMethodAccessorImpl.invoke(DelegatingMethodAccessorImpl.java:43)
at java.base/java.lang.reflect.Method.invoke(Method.java:568)
at org.testng.internal.MethodInvocationHelper.invokeMethod(MethodInvocationHelper.java:133)
at org.testng.internal.TestInvoker.invokeMethod(TestInvoker.java:598)
at org.testng.internal.TestInvoker.invokeTestMethod(TestInvoker.java:173)
at org.testng.internal.MethodRunner.runInSequence(MethodRunner.java:46)
at org.testng.internal.TestInvoker$MethodInvocationAgent.invoke(TestInvoker.java:824)
at org.testng.internal.TestInvoker.invokeTestMethods(TestInvoker.java:146)
at org.testng.internal.TestMethodWorker.invokeTestMethods(TestMethodWorker.java:146)
at org.testng.internal.TestMethodWorker.run(TestMethodWorker.java:128)
at java.base/java.util.ArrayList.forEach(ArrayList.java:1511)
at org.testng.TestRunner.privateRun(TestRunner.java:794)
at org.testng.TestRunner.run(TestRunner.java:596)
at org.testng.SuiteRunner.runTest(SuiteRunner.java:377)
at org.testng.SuiteRunner.runSequentially(SuiteRunner.java:371)
at org.testng.SuiteRunner.privateRun(SuiteRunner.java:332)
at org.testng.SuiteRunner.run(SuiteRunner.java:276)
at org.testng.SuiteRunnerWorker.runSuite(SuiteRunnerWorker.java:53)
at org.testng.SuiteRunnerWorker.run(SuiteRunnerWorker.java:96)
at org.testng.TestNG.runSuitesSequentially(TestNG.java:1212)
at org.testng.TestNG.runSuitesLocally(TestNG.java:1134)
at org.testng.TestNG.runSuites(TestNG.java:1063)
at org.testng.TestNG.run(TestNG.java:1031)
at org.testng.remote.AbstractRemoteTestNG.run(AbstractRemoteTestNG.java:115)
at org.testng.remote.RemoteTestNG.initAndRun(RemoteTestNG.java:251)
at org.testng.remote.RemoteTestNG.main(RemoteTestNG.java:77)
]]>
    </error>
  </testcase> <!-- student_Admission_with_Zero_Amt -->
  <system-out/>
</testsuite> <!-- com.qa.tests.Admission.FeesCollectionTests -->
