<?xml version="1.0" encoding="UTF-8"?>
<!-- Generated by org.testng.reporters.JUnitXMLReporter -->
<testsuite hostname="DESKTOP-1MTD1OS" ignored="0" name="Create ITLE Tests Admin" tests="1" failures="1" timestamp="2022-07-15T13:54:40 IST" time="73.063" errors="0">
  <testcase name="create_ITLE_Tests" time="65.984" classname="com.qa.tests.ITLE.CreateITLETestsAdmin">
    <failure type="org.openqa.selenium.ElementClickInterceptedException" message="element click intercepted: Element &amp;lt;button type=&amp;quot;button&amp;quot; class=&amp;quot;btn btn-primary&amp;quot; style=&amp;quot;margin-top:10px;&amp;quot; data-dismiss=&amp;quot;modal&amp;quot; id=&amp;quot;btnCount&amp;quot;&amp;gt;...&amp;lt;/button&amp;gt; is not clickable at point (1233, 441). Other element would receive the click: &amp;lt;button type=&amp;quot;button&amp;quot; class=&amp;quot;btn btn-info rotate&amp;quot; id=&amp;quot;btnFavouriteData&amp;quot; tabindex=&amp;quot;1&amp;quot; data-toggle=&amp;quot;modal&amp;quot; data-target=&amp;quot;#FavouriteModal&amp;quot;&amp;gt;...&amp;lt;/button&amp;gt;
  (Session info: chrome=103.0.5060.114)
Build info: version: &amp;apos;3.141.59&amp;apos;, revision: &amp;apos;e82be7d358&amp;apos;, time: &amp;apos;2018-11-14T08:17:03&amp;apos;
System info: host: &amp;apos;DESKTOP-1MTD1OS&amp;apos;, ip: &amp;apos;10.81.234.11&amp;apos;, os.name: &amp;apos;Windows 10&amp;apos;, os.arch: &amp;apos;amd64&amp;apos;, os.version: &amp;apos;10.0&amp;apos;, java.version: &amp;apos;1.8.0_333&amp;apos;
Driver info: org.openqa.selenium.chrome.ChromeDriver
Capabilities {acceptInsecureCerts: false, browserName: chrome, browserVersion: 103.0.5060.114, chrome: {chromedriverVersion: 103.0.5060.53 (a1711811edd7..., userDataDir: C:\Users\LENOVO\AppData\Loc...}, goog:chromeOptions: {debuggerAddress: localhost:56558}, javascriptEnabled: true, networkConnectionEnabled: false, pageLoadStrategy: normal, platform: WINDOWS, platformName: WINDOWS, proxy: Proxy(), setWindowRect: true, strictFileInteractability: false, timeouts: {implicit: 0, pageLoad: 300000, script: 30000}, unhandledPromptBehavior: dismiss and notify, webauthn:extension:credBlob: true, webauthn:extension:largeBlob: true, webauthn:virtualAuthenticators: true}
Session ID: 5555cca747d66024432f55a378dd7ad9">
      <![CDATA[org.openqa.selenium.ElementClickInterceptedException: element click intercepted: Element <button type="button" class="btn btn-primary" style="margin-top:10px;" data-dismiss="modal" id="btnCount">...</button> is not clickable at point (1233, 441). Other element would receive the click: <button type="button" class="btn btn-info rotate" id="btnFavouriteData" tabindex="1" data-toggle="modal" data-target="#FavouriteModal">...</button>
  (Session info: chrome=103.0.5060.114)
Build info: version: '3.141.59', revision: 'e82be7d358', time: '2018-11-14T08:17:03'
System info: host: 'DESKTOP-1MTD1OS', ip: '10.81.234.11', os.name: 'Windows 10', os.arch: 'amd64', os.version: '10.0', java.version: '1.8.0_333'
Driver info: org.openqa.selenium.chrome.ChromeDriver
Capabilities {acceptInsecureCerts: false, browserName: chrome, browserVersion: 103.0.5060.114, chrome: {chromedriverVersion: 103.0.5060.53 (a1711811edd7..., userDataDir: C:\Users\LENOVO\AppData\Loc...}, goog:chromeOptions: {debuggerAddress: localhost:56558}, javascriptEnabled: true, networkConnectionEnabled: false, pageLoadStrategy: normal, platform: WINDOWS, platformName: WINDOWS, proxy: Proxy(), setWindowRect: true, strictFileInteractability: false, timeouts: {implicit: 0, pageLoad: 300000, script: 30000}, unhandledPromptBehavior: dismiss and notify, webauthn:extension:credBlob: true, webauthn:extension:largeBlob: true, webauthn:virtualAuthenticators: true}
Session ID: 5555cca747d66024432f55a378dd7ad9
at org.openqa.selenium.remote.http.W3CHttpResponseCodec.createException(W3CHttpResponseCodec.java:187)
at org.openqa.selenium.remote.http.W3CHttpResponseCodec.decode(W3CHttpResponseCodec.java:122)
at org.openqa.selenium.remote.http.W3CHttpResponseCodec.decode(W3CHttpResponseCodec.java:49)
at org.openqa.selenium.remote.HttpCommandExecutor.execute(HttpCommandExecutor.java:158)
at org.openqa.selenium.remote.service.DriverCommandExecutor.execute(DriverCommandExecutor.java:83)
at org.openqa.selenium.remote.RemoteWebDriver.execute(RemoteWebDriver.java:552)
at org.openqa.selenium.remote.RemoteWebElement.execute(RemoteWebElement.java:285)
at org.openqa.selenium.remote.RemoteWebElement.click(RemoteWebElement.java:84)
at org.openqa.selenium.support.pagefactory.internal.LocatingElementHandler.invoke(LocatingElementHandler.java:51)
at com.sun.proxy.$Proxy12.click(Unknown Source)
at com.qa.BaseClass.click(BaseClass.java:109)
at com.qa.pages.academic.itle_elearning.ITLE_CreateTestAdmin.clickOnOkButton(ITLE_CreateTestAdmin.java:225)
at com.qa.tests.ITLE.CreateITLETestsAdmin.create_ITLE_Tests(CreateITLETestsAdmin.java:109)
at java.util.ArrayList.forEach(Unknown Source)
... Removed 35 stack frames]]>
    </failure>
  </testcase> <!-- create_ITLE_Tests -->
</testsuite> <!-- Create ITLE Tests Admin -->
